<?xml version="1.0" encoding="UTF-8"?>
<testng-results ignored="0" total="1" passed="1" failed="0" skipped="0">
  <reporter-output>
  </reporter-output>
  <suite started-at="2022-11-03T22:48:17 IST" name="Default suite" finished-at="2022-11-03T22:48:39 IST" duration-ms="22228">
    <groups>
    </groups>
    <test started-at="2022-11-03T22:48:17 IST" name="Default test" finished-at="2022-11-03T22:48:39 IST" duration-ms="22228">
      <class name="TestCases.VerifySignUp">
        <test-method is-config="true" signature="launchURL()[pri:0, instance:TestCases.VerifySignUp@59fd97a8]" started-at="2022-11-03T22:48:17 IST" name="launchURL" finished-at="2022-11-03T22:48:22 IST" duration-ms="4623" status="PASS">
          <reporter-output>
          </reporter-output>
        </test-method> <!-- launchURL -->
        <test-method signature="signup()[pri:0, instance:TestCases.VerifySignUp@59fd97a8]" started-at="2022-11-03T22:48:22 IST" name="signup" finished-at="2022-11-03T22:48:39 IST" duration-ms="17561" status="PASS">
          <reporter-output>
          </reporter-output>
        </test-method> <!-- signup -->
      </class> <!-- TestCases.VerifySignUp -->
    </test> <!-- Default test -->
  </suite> <!-- Default suite -->
</testng-results>
